<?xml version="1.0" encoding="UTF-8"?>
<!-- Generated by org.testng.reporters.JUnitReportReporter -->
<testsuite hostname="DESKTOP-31C94VU" failures="0" tests="1" name="Bootcamp_project.TestNG.LoginUsuarioDatosValidos" time="6.300" errors="0" timestamp="2023-07-12T14:14:32 CST" skipped="0">
  <testcase classname="Bootcamp_project.TestNG.LoginUsuarioDatosValidos" name="Login_Invalido" time="6.300"/>
</testsuite> <!-- Bootcamp_project.TestNG.LoginUsuarioDatosValidos -->
