<?xml version="1.0" encoding="UTF-8"?>
<!-- Generated by org.testng.reporters.JUnitReportReporter -->
<testsuite hostname="DESKTOP-31C94VU" failures="0" tests="2" name="Bootcamp_project.TestNG.LoginUsuarioDatosNulos" time="0.522" errors="0" timestamp="2023-07-13T20:46:03 CST" skipped="0">
  <testcase classname="Bootcamp_project.TestNG.LoginUsuarioDatosNulos" name="Email_Nulo" time="0.292"/>
  <testcase classname="Bootcamp_project.TestNG.LoginUsuarioDatosNulos" name="Password_Nulo" time="0.230"/>
</testsuite> <!-- Bootcamp_project.TestNG.LoginUsuarioDatosNulos -->
