<?xml version="1.0" encoding="UTF-8"?>
<!-- Generated by org.testng.reporters.JUnitReportReporter -->
<testsuite hostname="DESKTOP-31C94VU" failures="0" tests="2" name="Bootcamp_project.TestNG.LoginUsuarioCredencialesInvalidas" time="9.510" errors="0" timestamp="2023-07-13T19:56:38 CST" skipped="0">
  <testcase classname="Bootcamp_project.TestNG.LoginUsuarioCredencialesInvalidas" name="Credenciales_Invalidas" time="4.287"/>
  <testcase classname="Bootcamp_project.TestNG.LoginUsuarioCredencialesInvalidas" name="User_Inexistente" time="5.223"/>
</testsuite> <!-- Bootcamp_project.TestNG.LoginUsuarioCredencialesInvalidas -->
