<?xml version="1.0" encoding="UTF-8"?>
<!-- Generated by org.testng.reporters.JUnitReportReporter -->
<testsuite hostname="DESKTOP-31C94VU" failures="0" tests="1" name="Bootcamp_project.TestNG.BusquedaDatoInvalido" time="27.608" errors="0" timestamp="2023-07-13T18:29:28 CST" skipped="0">
  <testcase classname="Bootcamp_project.TestNG.BusquedaDatoInvalido" name="Busqueda_Invalida" time="27.608"/>
</testsuite> <!-- Bootcamp_project.TestNG.BusquedaDatoInvalido -->
