<?xml version="1.0" encoding="UTF-8"?>
<!-- Generated by org.testng.reporters.JUnitReportReporter -->
<testsuite hostname="DESKTOP-31C94VU" failures="0" tests="1" name="Bootcamp_project.TestNG.LoginUsuarioDatosInvalidos" time="6.364" errors="0" timestamp="2023-07-12T14:14:32 CST" skipped="0">
  <testcase classname="Bootcamp_project.TestNG.LoginUsuarioDatosInvalidos" name="Login_Valido" time="6.364"/>
</testsuite> <!-- Bootcamp_project.TestNG.LoginUsuarioDatosInvalidos -->
